[2024-02-02T19:55:55.724+0000] {taskinstance.py:1956} INFO - Dependencies all met for dep_context=non-requeueable deps ti=<TaskInstance: etl_covid.extract_data manual__2024-02-02T19:55:52.674920+00:00 [queued]>
[2024-02-02T19:55:55.733+0000] {taskinstance.py:1956} INFO - Dependencies all met for dep_context=requeueable deps ti=<TaskInstance: etl_covid.extract_data manual__2024-02-02T19:55:52.674920+00:00 [queued]>
[2024-02-02T19:55:55.733+0000] {taskinstance.py:2170} INFO - Starting attempt 1 of 2
[2024-02-02T19:55:55.751+0000] {taskinstance.py:2191} INFO - Executing <Task(PythonOperator): extract_data> on 2024-02-02 19:55:52.674920+00:00
[2024-02-02T19:55:55.756+0000] {standard_task_runner.py:60} INFO - Started process 375050 to run task
[2024-02-02T19:55:55.760+0000] {standard_task_runner.py:87} INFO - Running: ['airflow', 'tasks', 'run', 'etl_covid', 'extract_data', 'manual__2024-02-02T19:55:52.674920+00:00', '--job-id', '36', '--raw', '--subdir', 'DAGS_FOLDER/scripts/Test.py', '--cfg-path', '/tmp/tmpbgzkhd25']
[2024-02-02T19:55:55.761+0000] {standard_task_runner.py:88} INFO - Job 36: Subtask extract_data
[2024-02-02T19:55:55.817+0000] {task_command.py:423} INFO - Running <TaskInstance: etl_covid.extract_data manual__2024-02-02T19:55:52.674920+00:00 [running]> on host bf5510de8451
[2024-02-02T19:55:55.934+0000] {taskinstance.py:2480} INFO - Exporting env vars: AIRFLOW_CTX_DAG_OWNER='airflow' AIRFLOW_CTX_DAG_ID='etl_covid' AIRFLOW_CTX_TASK_ID='extract_data' AIRFLOW_CTX_EXECUTION_DATE='2024-02-02T19:55:52.674920+00:00' AIRFLOW_CTX_TRY_NUMBER='1' AIRFLOW_CTX_DAG_RUN_ID='manual__2024-02-02T19:55:52.674920+00:00'
[2024-02-02T19:55:56.005+0000] {python.py:201} INFO - Done. Returned value was:      closecontact  confirmation  ...  suspect_meninggal     tanggal
0             274             0  ...                  0  2020-08-05
1             534             0  ...                  0  2020-08-05
2            2127             0  ...                  0  2020-08-05
3               0             0  ...                  0  2020-08-05
4            1295             0  ...                  0  2020-08-05
..            ...           ...  ...                ...         ...
140            32             0  ...                  2  2020-08-10
141             0             0  ...                  0  2020-08-10
142             0             2  ...                  0  2020-08-10
143            12             0  ...                  0  2020-08-10
144            28             1  ...                  0  2020-08-10

[145 rows x 20 columns]
[2024-02-02T19:55:56.091+0000] {taskinstance.py:1138} INFO - Marking task as SUCCESS. dag_id=etl_covid, task_id=extract_data, execution_date=20240202T195552, start_date=20240202T195555, end_date=20240202T195556
[2024-02-02T19:55:56.133+0000] {local_task_job_runner.py:234} INFO - Task exited with return code 0
[2024-02-02T19:55:56.167+0000] {taskinstance.py:3280} INFO - 1 downstream tasks scheduled from follow-on schedule check
